Running php-build composer
WARNING! Your password will be stored unencrypted in /home/runner/.docker/config.json.
Configure a credential helper to remove this warning. See
https://docs.docker.com/engine/reference/commandline/login/#credentials-store

Login Succeeded
Pulling docker.pkg.github.com/traydr/ppm/php-actions_composer_ppm:php-latest-build2.1.0
Error response from daemon: manifest unknown
Dockerfile:
FROM php:cli-alpine
RUN apk add --update --no-cache zip git bash openssh
Sending build context to Docker daemon  721.4kB
Step 1/2 : FROM php:cli-alpine
cli-alpine: Pulling from library/php
f56be85fc22e: Already exists
ace8de9a4ff5: Pulling fs layer
ac818333da4c: Pulling fs layer
10f4138fad9a: Pulling fs layer
b3aa9c792598: Pulling fs layer
1a0508970aa2: Pulling fs layer
e8421fb51204: Pulling fs layer
4b2d31c32754: Pulling fs layer
8666f197e8d1: Pulling fs layer
b3aa9c792598: Waiting
1a0508970aa2: Waiting
e8421fb51204: Waiting
4b2d31c32754: Waiting
8666f197e8d1: Waiting
ac818333da4c: Verifying Checksum
ac818333da4c: Download complete
10f4138fad9a: Verifying Checksum
10f4138fad9a: Download complete
ace8de9a4ff5: Verifying Checksum
ace8de9a4ff5: Download complete
ace8de9a4ff5: Pull complete
1a0508970aa2: Verifying Checksum
1a0508970aa2: Download complete
ac818333da4c: Pull complete
b3aa9c792598: Verifying Checksum
b3aa9c792598: Download complete
e8421fb51204: Verifying Checksum
e8421fb51204: Download complete
10f4138fad9a: Pull complete
4b2d31c32754: Verifying Checksum
4b2d31c32754: Download complete
8666f197e8d1: Verifying Checksum
8666f197e8d1: Download complete
b3aa9c792598: Pull complete
1a0508970aa2: Pull complete
e8421fb51204: Pull complete
4b2d31c32754: Pull complete
8666f197e8d1: Pull complete
Digest: sha256:2d58f4c6162ecae2d541c1f517356dab9f16d15d0850ac2d99568c93c63a8886
Status: Downloaded newer image for php:cli-alpine
 ---> f322a3006ba5
Step 2/2 : RUN apk add --update --no-cache zip git bash openssh
 ---> Running in 3db1edc94adc
fetch https://dl-cdn.alpinelinux.org/alpine/v3.17/main/x86_64/APKINDEX.tar.gz
fetch https://dl-cdn.alpinelinux.org/alpine/v3.17/community/x86_64/APKINDEX.tar.gz
(1/14) Installing bash (5.2.15-r0)
Executing bash-5.2.15-r0.post-install
(2/14) Installing libexpat (2.5.0-r0)
(3/14) Installing pcre2 (10.42-r0)
(4/14) Installing git (2.38.5-r0)
(5/14) Installing openssh-keygen (9.1_p1-r2)
(6/14) Installing libedit (20221030.3.1-r0)
(7/14) Installing openssh-client-common (9.1_p1-r2)
(8/14) Installing openssh-client-default (9.1_p1-r2)
(9/14) Installing openssh-sftp-server (9.1_p1-r2)
(10/14) Installing openssh-server-common (9.1_p1-r2)
(11/14) Installing openssh-server (9.1_p1-r2)
(12/14) Installing openssh (9.1_p1-r2)
(13/14) Installing unzip (6.0-r13)
(14/14) Installing zip (3.0-r10)
Executing busybox-1.35.0-r29.trigger
OK: 31 MiB in 49 packages
Removing intermediate container 3db1edc94adc
 ---> 7f8efe0333fc
Successfully built 7f8efe0333fc
Successfully tagged docker.pkg.github.com/traydr/ppm/php-actions_composer_ppm:php-latest-build2.1.0
The push refers to repository [docker.pkg.github.com/traydr/ppm/php-actions_composer_ppm]
c3031f1b3e2f: Preparing
fefdc97ff5fc: Preparing
e4fb0332d101: Preparing
471fd3779893: Preparing
af3da98cadcb: Preparing
7ff6a4d20510: Preparing
fbe3f45628e6: Preparing
be263d32c17e: Preparing
760a72e11ac9: Preparing
f1417ff83b31: Preparing
7ff6a4d20510: Waiting
fbe3f45628e6: Waiting
be263d32c17e: Waiting
760a72e11ac9: Waiting
f1417ff83b31: Waiting
denied: installation not allowed to Create organization package
WARNING: Failed to push Docker image to "docker.pkg.github.com/traydr/ppm/php-actions_composer_ppm:php-latest-build2.1.0", this is probably due to missing permissions on GitHub.
Will continue as this is just an optimization to improve speed of next build.
Docker tag: docker.pkg.github.com/traydr/ppm/php-actions_composer_ppm:php-latest-build2.1.0
No private keys supplied
Command: composer install --no-progress --no-interaction
Skipping env variable PWD
Skipping env variable HOME
Skipping env variable SHLVL
Skipping env variable PATH
